0 info it worked if it ends with ok
1 verbose cli [ 'node', '/usr/local/bin/npm', 'start' ]
2 info using npm@2.1.17
3 info using node@v0.11.12
4 verbose run-script [ 'prestart', 'start', 'poststart' ]
5 info prestart mastodon@0.0.0
6 info start mastodon@0.0.0
7 verbose unsafe-perm in lifecycle true
8 info mastodon@0.0.0 Failed to exec start script
9 verbose stack Error: Exit status 1
9 verbose stack     at EventEmitter.<anonymous> (/usr/local/lib/node_modules/npm/lib/utils/lifecycle.js:212:16)
9 verbose stack     at EventEmitter.emit (events.js:107:17)
9 verbose stack     at ChildProcess.<anonymous> (/usr/local/lib/node_modules/npm/lib/utils/spawn.js:14:12)
9 verbose stack     at ChildProcess.EventEmitter.emit (events.js:107:17)
9 verbose stack     at maybeClose (child_process.js:991:16)
9 verbose stack     at Process.ChildProcess._handle.onexit (child_process.js:1058:5)
10 verbose pkgid mastodon@0.0.0
11 verbose cwd /home/ktorz/Documents/mastodon
12 error Linux 3.11.0-19-generic
13 error argv "node" "/usr/local/bin/npm" "start"
14 error node v0.11.12
15 error npm  v2.1.17
16 error code ELIFECYCLE
17 error mastodon@0.0.0 start: `node app.js`
17 error Exit status 1
18 error Failed at the mastodon@0.0.0 start script 'node app.js'.
18 error This is most likely a problem with the mastodon package,
18 error not with npm itself.
18 error Tell the author that this fails on your system:
18 error     node app.js
18 error You can get their info via:
18 error     npm owner ls mastodon
18 error There is likely additional logging output above.
19 verbose exit [ 1, true ]
